c:\c++\practicalwork11\practicalwork11\x64\debug\vc143.pdb
c:\c++\practicalwork11\practicalwork11\x64\debug\vc143.idb
c:\c++\practicalwork11\practicalwork11\x64\debug\authorization.obj
c:\c++\practicalwork11\practicalwork11\x64\debug\practicalwork11.obj
c:\c++\practicalwork11\x64\debug\practicalwork11.pdb
c:\c++\practicalwork11\practicalwork11\x64\debug\practicalwork11.tlog\cl.command.1.tlog
c:\c++\practicalwork11\practicalwork11\x64\debug\practicalwork11.tlog\cl.read.1.tlog
c:\c++\practicalwork11\practicalwork11\x64\debug\practicalwork11.tlog\cl.write.1.tlog
c:\c++\practicalwork11\practicalwork11\x64\debug\practicalwork11.tlog\link-cvtres.read.1.tlog
c:\c++\practicalwork11\practicalwork11\x64\debug\practicalwork11.tlog\link-cvtres.write.1.tlog
c:\c++\practicalwork11\practicalwork11\x64\debug\practicalwork11.tlog\link-rc.read.1.tlog
c:\c++\practicalwork11\practicalwork11\x64\debug\practicalwork11.tlog\link-rc.write.1.tlog
c:\c++\practicalwork11\practicalwork11\x64\debug\practicalwork11.tlog\link.33100-cvtres.read.1.tlog
c:\c++\practicalwork11\practicalwork11\x64\debug\practicalwork11.tlog\link.33100-cvtres.write.1.tlog
c:\c++\practicalwork11\practicalwork11\x64\debug\practicalwork11.tlog\link.33100-rc.read.1.tlog
c:\c++\practicalwork11\practicalwork11\x64\debug\practicalwork11.tlog\link.33100-rc.write.1.tlog
c:\c++\practicalwork11\practicalwork11\x64\debug\practicalwork11.tlog\link.33100.read.1.tlog
c:\c++\practicalwork11\practicalwork11\x64\debug\practicalwork11.tlog\link.33100.read.2.tlog
c:\c++\practicalwork11\practicalwork11\x64\debug\practicalwork11.tlog\link.33100.write.1.tlog
c:\c++\practicalwork11\practicalwork11\x64\debug\practicalwork11.tlog\link.command.1.tlog
c:\c++\practicalwork11\practicalwork11\x64\debug\practicalwork11.tlog\link.read.1.tlog
c:\c++\practicalwork11\practicalwork11\x64\debug\practicalwork11.tlog\link.read.2.tlog
c:\c++\practicalwork11\practicalwork11\x64\debug\practicalwork11.tlog\link.read.3.tlog
c:\c++\practicalwork11\practicalwork11\x64\debug\practicalwork11.tlog\link.write.1.tlog
